
  labels for this calculation:
  lblgm:
    b2ag     B2 bjb99/7  SOLPS 5.00   2016-12-06  14:11 samaddar
    d3d.carre.detach.152845.v0                                  
  lblcp:
    b2ah     B2 bjb99/7  SOLPS 5.00   te **l dall*      dsam    
    Species D + C                                               
  lblps:
    b2ai     B2 bjb99/7  SOLPS 5.00   te **l dall*      dsam    
    Flat initial state for D + C, all charge states             
  lblrc:
    b2ar     B2 bjb99/7  SOLPS 5.00   te **l dall*      dsam    
    ADAS rate coefficients, courtesy of H. Summers              
  lblsr:
    external source terms ...                                   
    ... not defined                                             
  lblmn:
    b2mn     B2 bjb99/7  SOLPS 5.00   2016-12-06  14:32 samaddar
    D3D : no drifts : D only : 110223.2570 (H-mode) : B2.5-Eiren

  non-default internal parameters:
    b2mndr_ntim                                                                       4                                                                               
    b2mndr_dtim                                                                       1.0e-6                                                                          
    b2mndr_stim                                                                       -5.0                                                                            
    b2mndt_nstg0                                                                      1                                                                               
    b2mndt_nstg1                                                                      1                                                                               
    b2mndt_nstg2                                                                      10                                                                              
    b2mndt_rxf                                                                        0.5                                                                             
    b2mndr_mvinc                                                                      1                                                                               
    b2mndr_mvnum                                                                      0                                                                               
    b2mndr_b2time                                                                     1                                                                               
    b2mndr_na0eps                                                                     1e14                                                                            
    b2mndr_cpu                                                                        1828000.0                                                                       
    b2mndr_savecpu                                                                    3600.0                                                                          
    b2mndr_trantim                                                                    1e0                                                                             
    b2ux5p_nltrsol                                                                    0                                                                               
    b2ux5p_style                                                                      2                                                                               
    b2stbc_sna0ep                                                                     1.0e-10                                                                         
    b2trcl_lluciani                                                                   1                                                                               
    b2news_potit                                                                      100                                                                             
    b2news_potok                                                                      1e-2                                                                            
    b2trcl_lvis21                                                                     0                                                                               
    b2trcl_lthf21                                                                     0                                                                               
    b2tfhe_neutral                                                                    0.0                                                                             
    b2tfhe_vis_par                                                                    0.0                                                                             
    b2sqel_artificial_radiation                                                       0.0                                                                             
    b2news_facdrift_target                                                            0.00                                                                            
    b2news_facdrift_start                                                             0.00                                                                            
    b2news_facdrift_inc                                                               1.01                                                                            
    b2news_facdrift_dec                                                               0.95                                                                            
    b2news_facExB_target                                                              0.00                                                                            
    b2news_facExB_start                                                               0.00                                                                            
    b2news_facExB_inc                                                                 1.01                                                                            
    b2news_facExB_dec                                                                 0.95                                                                            
    b2stbc_fchy_dia_coreonly                                                          1                                                                               
    b2stbc_boundary_namelist                                                          1                                                                               
    b2srdt_numerics_namelist                                                          1                                                                               
    b2tqna_transport_namelist                                                         1                                                                               
    b2tqna_inputfile                                                                  1                                                                               
    b2mwti_jxi                                                                        37                                                                              
    b2mwti_jxa                                                                        54                                                                              
    b2tlh0_alpha                                                                      1.0                                                                             
    b2tfnb_alpha                                                                      1.0                                                                             
    b2news_potitmin                                                                   5                                                                               
    b2mndr_eirene                                                                     1                                                                               
    b2stbr_neutrals_namelist                                                          1                                                                               
    b2mndr_rescale_neutrals                                                           1.0                                                                             
    b2mndr_rescale_neutrals_sources                                                   1.0e-10                                                                         
    b2stbc_feedback                                                                   0                                                                               
    b2stbc_diagno                                                                     1                                                                               
    b2stbc_solregno                                                                   3                                                                               
    eirene_repeat_first_call                                                          1                                                                               
    eirene_dpc_fix                                                                    1                                                                               
    eirene_ionizing_core                                                              1                                                                               
    b2news_area_fix                                                                   3                                                                               
  (end of list of internal parameters)

*b2cmpa         basic parameters
*specs      zamin    zamax    zn      am
  '  0'     0.000     0.000     1.000     2.000
  '  1'     1.000     1.000     1.000     2.000
  '  2'     0.000     0.000     6.000    12.011
  '  3'     1.000     1.000     6.000    12.011
  '  4'     2.000     2.000     6.000    12.011
  '  5'     3.000     3.000     6.000    12.011
  '  6'     4.000     4.000     6.000    12.011
  '  7'     5.000     5.000     6.000    12.011
  '  8'     6.000     6.000     6.000    12.011
*b2cmpb         boundary conditions
*cbregs   nr    breakpoints
 'south'    3       0.250    0.750    2.000
 'north'    1       2.000
 'west'     1       2.000
 'east'     1       2.000
*region
   0  'south'
*cbsna   (0)       (1)       (2)       (3)       (4)       (5)       (6)       (7)
  '  0'   0.0       0.0     -1.00E-02   0.0       0.0       0.0       0.0       0.0    
  '  1'   0.0       0.0     -1.00E-03   0.0       0.0       0.0       0.0       0.0    
  '  2'   0.0       0.0       0.0       0.0       0.0       0.0       0.0       0.0    
  '  3'   0.0       0.0     -1.00E-03   0.0       0.0       0.0       0.0       0.0    
  '  4'   0.0       0.0     -1.00E-03   0.0       0.0       0.0       0.0       0.0    
  '  5'   0.0       0.0     -1.00E-03   0.0       0.0       0.0       0.0       0.0    
  '  6'   0.0       0.0     -1.00E-03   0.0       0.0       0.0       0.0       0.0    
  '  7'   0.0       0.0     -1.00E-03   0.0       0.0       0.0       0.0       0.0    
  '  8'   0.0       0.0     -1.00E-03   0.0       0.0       0.0       0.0       0.0    
*cbsmo   (0)       (1)       (2)       (3)       (4)       (5)       (6)       (7)
  '  0'   0.0       0.0       0.0     -1.00E+10   0.0       0.0      -1.0       0.0    
  '  1'   0.0       0.0       0.0       0.0       0.0       0.0      -1.0       0.0    
  '  2'   0.0       0.0       0.0     -1.00E+10   0.0       0.0      -1.0       0.0    
  '  3'   0.0       0.0       0.0       0.0       0.0       0.0      -1.0       0.0    
  '  4'   0.0       0.0       0.0       0.0       0.0       0.0      -1.0       0.0    
  '  5'   0.0       0.0       0.0       0.0       0.0       0.0      -1.0       0.0    
  '  6'   0.0       0.0       0.0       0.0       0.0       0.0      -1.0       0.0    
  '  7'   0.0       0.0       0.0       0.0       0.0       0.0      -1.0       0.0    
  '  8'   0.0       0.0       0.0       0.0       0.0       0.0      -1.0       0.0    
*cbshi   (0)       (1)       (2)       (3)       (4)       (5)       (6)       (7)
  '  0'  1.00E-18 -1.00E+02 -0.10       0.0       0.0       0.0       0.0      -2.5    
  '  1'  1.00E-18 -1.00E+02 -1.00E-02   0.0       0.0       0.0       0.0      -2.5    
  '  2'  1.00E-18 -1.00E+02 -0.10       0.0       0.0       0.0       0.0      -2.5    
  '  3'  1.00E-18 -1.00E+02 -1.00E-02   0.0       0.0       0.0       0.0      -2.5    
  '  4'  1.00E-18 -1.00E+02 -1.00E-02   0.0       0.0       0.0       0.0      -2.5    
  '  5'  1.00E-18 -1.00E+02 -1.00E-02   0.0       0.0       0.0       0.0      -2.5    
  '  6'  1.00E-18 -1.00E+02 -1.00E-02   0.0       0.0       0.0       0.0      -2.5    
  '  7'  1.00E-18 -1.00E+02 -1.00E-02   0.0       0.0       0.0       0.0      -2.5    
  '  8'  1.00E-18 -1.00E+02 -1.00E-02   0.0       0.0       0.0       0.0      -2.5    
*cbshe   (0)       (1)       (2)       (3)       (4)       (5)       (6)       (7)
  ' -1'  1.00E-18 -1.00E+02 -1.00E-04   0.0       0.0       0.0       0.0      -2.5    
*cbsch   (0)       (1)       (2)       (3)       (4)       (5)       (6)       (7)
  ' -1'   0.0       0.0       0.0       0.0       0.0       0.0       0.0       0.0    
*cbrec   (0)       (1)       (2)       (3)       (4)       (5)       (6)       (7)
  '  0'   0.0       0.0       0.0       0.0       0.0       0.0       0.0       0.0    
  '  1'   1.0      0.30       0.0       0.0       0.0       0.0       0.0       0.0    
  '  2'   0.0       0.0       0.0       0.0       0.0       0.0       0.0       0.0    
  '  3'   0.0       0.0       0.0       0.0       0.0       0.0       0.0       0.0    
  '  4'   0.0       0.0       0.0       0.0       0.0       0.0       0.0       0.0    
  '  5'   0.0       0.0       0.0       0.0       0.0       0.0       0.0       0.0    
  '  6'   0.0       0.0       0.0       0.0       0.0       0.0       0.0       0.0    
  '  7'   0.0       0.0       0.0       0.0       0.0       0.0       0.0       0.0    
  '  8'   0.0       0.0       0.0       0.0       0.0       0.0       0.0       0.0    
*cbmsa   (0)       (1)       (2)       (3)       (4)       (5)       (6)       (7)
  ' -1'   0.0       0.0       0.0       0.0       0.0       0.0       0.0       0.0    
*cbmsb   (0)       (1)       (2)       (3)       (4)       (5)       (6)       (7)
  '  0'   0.0       0.0       0.0       0.0       0.0       0.0       0.0       0.0    
  '  1'   0.0       0.0       0.0       0.0       0.0       0.0       0.0       0.0    
  '  2'   0.0       0.0       0.0       0.0       0.0       0.0       0.0       0.0    
  '  3'   0.0       0.0       0.0       0.0       0.0       0.0       0.0       0.0    
  '  4'   0.0       0.0       0.0       0.0       0.0       0.0       0.0       0.0    
  '  5'   0.0       0.0       0.0       0.0       0.0       0.0       0.0       0.0    
  '  6'   0.0       0.0       0.0       0.0       0.0       0.0       0.0       0.0    
  '  7'   0.0       0.0       0.0       0.0       0.0       0.0       0.0       0.0    
  '  8'   0.0       0.0       0.0       0.0       0.0       0.0       0.0       0.0    
*region
   1  'south'
*cbsna   (0)       (1)       (2)       (3)       (4)       (5)       (6)       (7)
  '  0'   0.0     -1.00E+10   0.0       0.0       0.0       0.0       0.0       0.0    
  '  1'  4.00E+29 -1.00E+10   0.0       0.0       0.0       0.0       0.0       0.0    
  '  2'   0.0       0.0       0.0       0.0       0.0       0.0       0.0       0.0    
  '  3'   0.0       0.0       0.0       0.0       0.0       0.0       0.0       0.0    
  '  4'   0.0       0.0       0.0       0.0       0.0       0.0       0.0       0.0    
  '  5'   0.0       0.0       0.0       0.0       0.0       0.0       0.0       0.0    
  '  6'   0.0       0.0       0.0       0.0       0.0       0.0       0.0       0.0    
  '  7'   0.0       0.0       0.0       0.0       0.0       0.0       0.0       0.0    
  '  8'   0.0       0.0       0.0       0.0       0.0       0.0       0.0       0.0    
*cbsmo   (0)       (1)       (2)       (3)       (4)       (5)       (6)       (7)
  '  0'   0.0       0.0       0.0     -1.00E+10   0.0       0.0       0.0       0.0    
  '  1'   0.0       0.0       0.0     -1.00E+10   0.0       0.0       0.0       0.0    
  '  2'   0.0       0.0       0.0     -1.00E+10   0.0       0.0       0.0       0.0    
  '  3'   0.0       0.0       0.0     -1.00E+10   0.0       0.0       0.0       0.0    
  '  4'   0.0       0.0       0.0     -1.00E+10   0.0       0.0       0.0       0.0    
  '  5'   0.0       0.0       0.0     -1.00E+10   0.0       0.0       0.0       0.0    
  '  6'   0.0       0.0       0.0     -1.00E+10   0.0       0.0       0.0       0.0    
  '  7'   0.0       0.0       0.0     -1.00E+10   0.0       0.0       0.0       0.0    
  '  8'   0.0       0.0       0.0     -1.00E+10   0.0       0.0       0.0       0.0    
*cbshi   (0)       (1)       (2)       (3)       (4)       (5)       (6)       (7)
  '  0'  5.15E+03   0.0       0.0       0.0       0.0       0.0       0.0      -2.5    
  '  1'  5.15E+03   0.0       0.0       0.0       0.0       0.0       0.0      -2.5    
  '  2'  5.15E+03   0.0       0.0       0.0       0.0       0.0       0.0      -2.5    
  '  3'  5.15E+03   0.0       0.0       0.0       0.0       0.0       0.0      -2.5    
  '  4'  5.15E+03   0.0       0.0       0.0       0.0       0.0       0.0      -2.5    
  '  5'  5.15E+03   0.0       0.0       0.0       0.0       0.0       0.0      -2.5    
  '  6'  5.15E+03   0.0       0.0       0.0       0.0       0.0       0.0      -2.5    
  '  7'  5.15E+03   0.0       0.0       0.0       0.0       0.0       0.0      -2.5    
  '  8'  5.15E+03   0.0       0.0       0.0       0.0       0.0       0.0      -2.5    
*cbshe   (0)       (1)       (2)       (3)       (4)       (5)       (6)       (7)
  ' -1'  5.15E+03   0.0       0.0       0.0       0.0       0.0       0.0      -2.5    
*cbsch   (0)       (1)       (2)       (3)       (4)       (5)       (6)       (7)
  ' -1'   0.0       0.0       0.0       0.0       0.0       0.0       0.0       0.0    
*cbrec   (0)       (1)       (2)       (3)       (4)       (5)       (6)       (7)
  '  0'   0.0       0.0       0.0       0.0       0.0       0.0       0.0       0.0    
  '  1'   0.0       0.0       0.0       0.0       0.0       0.0       0.0       0.0    
  '  2'   0.0       0.0       0.0       0.0       0.0       0.0       0.0       0.0    
  '  3'   0.0       0.0       0.0       0.0       0.0       0.0       0.0       0.0    
  '  4'   0.0       0.0       0.0       0.0       0.0       0.0       0.0       0.0    
  '  5'   0.0       0.0       0.0       0.0       0.0       0.0       0.0       0.0    
  '  6'   0.0       0.0       0.0       0.0       0.0       0.0       0.0       0.0    
  '  7'   0.0       0.0       0.0       0.0       0.0       0.0       0.0       0.0    
  '  8'   0.0       0.0       0.0       0.0       0.0       0.0       0.0       0.0    
*cbmsa   (0)       (1)       (2)       (3)       (4)       (5)       (6)       (7)
  ' -1'   0.0       0.0       0.0       0.0       0.0       0.0       0.0       0.0    
*cbmsb   (0)       (1)       (2)       (3)       (4)       (5)       (6)       (7)
  '  0'   0.0       0.0       0.0       0.0       0.0       0.0       0.0       0.0    
  '  1'   0.0       0.0       0.0       0.0       0.0       0.0       0.0       0.0    
  '  2'   0.0       0.0       0.0       0.0       0.0       0.0       0.0       0.0    
  '  3'   0.0       0.0       0.0       0.0       0.0       0.0       0.0       0.0    
  '  4'   0.0       0.0       0.0       0.0       0.0       0.0       0.0       0.0    
  '  5'   0.0       0.0       0.0       0.0       0.0       0.0       0.0       0.0    
  '  6'   0.0       0.0       0.0       0.0       0.0       0.0       0.0       0.0    
  '  7'   0.0       0.0       0.0       0.0       0.0       0.0       0.0       0.0    
  '  8'   0.0       0.0       0.0       0.0       0.0       0.0       0.0       0.0    
*region
   2  'south'
*cbsna   (0)       (1)       (2)       (3)       (4)       (5)       (6)       (7)
  '  0'   0.0       0.0     -1.00E-02   0.0       0.0       0.0       0.0       0.0    
  '  1'   0.0       0.0     -1.00E-03   0.0       0.0       0.0       0.0       0.0    
  '  2'   0.0       0.0       0.0       0.0       0.0       0.0       0.0       0.0    
  '  3'   0.0       0.0     -1.00E-03   0.0       0.0       0.0       0.0       0.0    
  '  4'   0.0       0.0     -1.00E-03   0.0       0.0       0.0       0.0       0.0    
  '  5'   0.0       0.0     -1.00E-03   0.0       0.0       0.0       0.0       0.0    
  '  6'   0.0       0.0     -1.00E-03   0.0       0.0       0.0       0.0       0.0    
  '  7'   0.0       0.0     -1.00E-03   0.0       0.0       0.0       0.0       0.0    
  '  8'   0.0       0.0     -1.00E-03   0.0       0.0       0.0       0.0       0.0    
*cbsmo   (0)       (1)       (2)       (3)       (4)       (5)       (6)       (7)
  '  0'   0.0       0.0       0.0     -1.00E+10   0.0       0.0      -1.0       0.0    
  '  1'   0.0       0.0       0.0       0.0       0.0       0.0      -1.0       0.0    
  '  2'   0.0       0.0       0.0     -1.00E+10   0.0       0.0      -1.0       0.0    
  '  3'   0.0       0.0       0.0       0.0       0.0       0.0      -1.0       0.0    
  '  4'   0.0       0.0       0.0       0.0       0.0       0.0      -1.0       0.0    
  '  5'   0.0       0.0       0.0       0.0       0.0       0.0      -1.0       0.0    
  '  6'   0.0       0.0       0.0       0.0       0.0       0.0      -1.0       0.0    
  '  7'   0.0       0.0       0.0       0.0       0.0       0.0      -1.0       0.0    
  '  8'   0.0       0.0       0.0       0.0       0.0       0.0      -1.0       0.0    
*cbshi   (0)       (1)       (2)       (3)       (4)       (5)       (6)       (7)
  '  0'  1.00E-18 -1.00E+02 -0.10       0.0       0.0       0.0       0.0      -2.5    
  '  1'  1.00E-18 -1.00E+02 -1.00E-02   0.0       0.0       0.0       0.0      -2.5    
  '  2'  1.00E-18 -1.00E+02 -0.10       0.0       0.0       0.0       0.0      -2.5    
  '  3'  1.00E-18 -1.00E+02 -1.00E-02   0.0       0.0       0.0       0.0      -2.5    
  '  4'  1.00E-18 -1.00E+02 -1.00E-02   0.0       0.0       0.0       0.0      -2.5    
  '  5'  1.00E-18 -1.00E+02 -1.00E-02   0.0       0.0       0.0       0.0      -2.5    
  '  6'  1.00E-18 -1.00E+02 -1.00E-02   0.0       0.0       0.0       0.0      -2.5    
  '  7'  1.00E-18 -1.00E+02 -1.00E-02   0.0       0.0       0.0       0.0      -2.5    
  '  8'  1.00E-18 -1.00E+02 -1.00E-02   0.0       0.0       0.0       0.0      -2.5    
*cbshe   (0)       (1)       (2)       (3)       (4)       (5)       (6)       (7)
  ' -1'  1.00E-18 -1.00E+02 -1.00E-04   0.0       0.0       0.0       0.0      -2.5    
*cbsch   (0)       (1)       (2)       (3)       (4)       (5)       (6)       (7)
  ' -1'   0.0       0.0       0.0       0.0       0.0       0.0       0.0       0.0    
*cbrec   (0)       (1)       (2)       (3)       (4)       (5)       (6)       (7)
  '  0'   0.0       0.0       0.0       0.0       0.0       0.0       0.0       0.0    
  '  1'   1.0      0.30       0.0       0.0       0.0       0.0       0.0       0.0    
  '  2'   0.0       0.0       0.0       0.0       0.0       0.0       0.0       0.0    
  '  3'   0.0       0.0       0.0       0.0       0.0       0.0       0.0       0.0    
  '  4'   0.0       0.0       0.0       0.0       0.0       0.0       0.0       0.0    
  '  5'   0.0       0.0       0.0       0.0       0.0       0.0       0.0       0.0    
  '  6'   0.0       0.0       0.0       0.0       0.0       0.0       0.0       0.0    
  '  7'   0.0       0.0       0.0       0.0       0.0       0.0       0.0       0.0    
  '  8'   0.0       0.0       0.0       0.0       0.0       0.0       0.0       0.0    
*cbmsa   (0)       (1)       (2)       (3)       (4)       (5)       (6)       (7)
  ' -1'   0.0       0.0       0.0       0.0       0.0       0.0       0.0       0.0    
*cbmsb   (0)       (1)       (2)       (3)       (4)       (5)       (6)       (7)
  '  0'   0.0       0.0       0.0       0.0       0.0       0.0       0.0       0.0    
  '  1'   0.0       0.0       0.0       0.0       0.0       0.0       0.0       0.0    
  '  2'   0.0       0.0       0.0       0.0       0.0       0.0       0.0       0.0    
  '  3'   0.0       0.0       0.0       0.0       0.0       0.0       0.0       0.0    
  '  4'   0.0       0.0       0.0       0.0       0.0       0.0       0.0       0.0    
  '  5'   0.0       0.0       0.0       0.0       0.0       0.0       0.0       0.0    
  '  6'   0.0       0.0       0.0       0.0       0.0       0.0       0.0       0.0    
  '  7'   0.0       0.0       0.0       0.0       0.0       0.0       0.0       0.0    
  '  8'   0.0       0.0       0.0       0.0       0.0       0.0       0.0       0.0    
*region
   3  'north'
*cbsna   (0)       (1)       (2)       (3)       (4)       (5)       (6)       (7)
  '  0'   0.0       0.0     -1.00E-02   0.0       0.0       0.0       0.0       0.0    
  '  1'   0.0       0.0     -1.00E-03   0.0       0.0       0.0       0.0       0.0    
  '  2'   0.0       0.0       0.0       0.0       0.0       0.0       0.0       0.0    
  '  3'   0.0       0.0     -1.00E-03   0.0       0.0       0.0       0.0       0.0    
  '  4'   0.0       0.0     -1.00E-03   0.0       0.0       0.0       0.0       0.0    
  '  5'   0.0       0.0     -1.00E-03   0.0       0.0       0.0       0.0       0.0    
  '  6'   0.0       0.0     -1.00E-03   0.0       0.0       0.0       0.0       0.0    
  '  7'   0.0       0.0     -1.00E-03   0.0       0.0       0.0       0.0       0.0    
  '  8'   0.0       0.0     -1.00E-03   0.0       0.0       0.0       0.0       0.0    
*cbsmo   (0)       (1)       (2)       (3)       (4)       (5)       (6)       (7)
  '  0'   0.0       0.0       0.0     -1.00E+10   0.0       0.0      -1.0       0.0    
  '  1'   0.0       0.0       0.0       0.0       0.0       0.0      -1.0       0.0    
  '  2'   0.0       0.0       0.0     -1.00E+10   0.0       0.0      -1.0       0.0    
  '  3'   0.0       0.0       0.0       0.0       0.0       0.0      -1.0       0.0    
  '  4'   0.0       0.0       0.0       0.0       0.0       0.0      -1.0       0.0    
  '  5'   0.0       0.0       0.0       0.0       0.0       0.0      -1.0       0.0    
  '  6'   0.0       0.0       0.0       0.0       0.0       0.0      -1.0       0.0    
  '  7'   0.0       0.0       0.0       0.0       0.0       0.0      -1.0       0.0    
  '  8'   0.0       0.0       0.0       0.0       0.0       0.0      -1.0       0.0    
*cbshi   (0)       (1)       (2)       (3)       (4)       (5)       (6)       (7)
  '  0'  1.00E-18 -1.00E+02 -0.10       0.0       0.0       0.0       0.0      -2.5    
  '  1'  1.00E-18 -1.00E+02 -1.00E-02   0.0       0.0       0.0       0.0      -2.5    
  '  2'  1.00E-18 -1.00E+02 -0.10       0.0       0.0       0.0       0.0      -2.5    
  '  3'  1.00E-18 -1.00E+02 -1.00E-02   0.0       0.0       0.0       0.0      -2.5    
  '  4'  1.00E-18 -1.00E+02 -1.00E-02   0.0       0.0       0.0       0.0      -2.5    
  '  5'  1.00E-18 -1.00E+02 -1.00E-02   0.0       0.0       0.0       0.0      -2.5    
  '  6'  1.00E-18 -1.00E+02 -1.00E-02   0.0       0.0       0.0       0.0      -2.5    
  '  7'  1.00E-18 -1.00E+02 -1.00E-02   0.0       0.0       0.0       0.0      -2.5    
  '  8'  1.00E-18 -1.00E+02 -1.00E-02   0.0       0.0       0.0       0.0      -2.5    
*cbshe   (0)       (1)       (2)       (3)       (4)       (5)       (6)       (7)
  ' -1'  1.00E-18 -1.00E+02 -1.00E-04   0.0       0.0       0.0       0.0      -2.5    
*cbsch   (0)       (1)       (2)       (3)       (4)       (5)       (6)       (7)
  ' -1'   0.0       0.0       0.0       0.0       0.0       0.0       0.0       0.0    
*cbrec   (0)       (1)       (2)       (3)       (4)       (5)       (6)       (7)
  '  0'   0.0       0.0       0.0       0.0       0.0       0.0       0.0       0.0    
  '  1'   1.0      0.30       0.0       0.0       0.0       0.0       0.0       0.0    
  '  2'   0.0       0.0       0.0       0.0       0.0       0.0       0.0       0.0    
  '  3'   0.0       0.0       0.0       0.0       0.0       0.0       0.0       0.0    
  '  4'   0.0       0.0       0.0       0.0       0.0       0.0       0.0       0.0    
  '  5'   0.0       0.0       0.0       0.0       0.0       0.0       0.0       0.0    
  '  6'   0.0       0.0       0.0       0.0       0.0       0.0       0.0       0.0    
  '  7'   0.0       0.0       0.0       0.0       0.0       0.0       0.0       0.0    
  '  8'   0.0       0.0       0.0       0.0       0.0       0.0       0.0       0.0    
*cbmsa   (0)       (1)       (2)       (3)       (4)       (5)       (6)       (7)
  ' -1'   0.0       0.0       0.0       0.0       0.0       0.0       0.0       0.0    
*cbmsb   (0)       (1)       (2)       (3)       (4)       (5)       (6)       (7)
  '  0'   0.0       0.0       0.0       0.0       0.0       0.0       0.0       0.0    
  '  1'   0.0       0.0       0.0       0.0       0.0       0.0       0.0       0.0    
  '  2'   0.0       0.0       0.0       0.0       0.0       0.0       0.0       0.0    
  '  3'   0.0       0.0       0.0       0.0       0.0       0.0       0.0       0.0    
  '  4'   0.0       0.0       0.0       0.0       0.0       0.0       0.0       0.0    
  '  5'   0.0       0.0       0.0       0.0       0.0       0.0       0.0       0.0    
  '  6'   0.0       0.0       0.0       0.0       0.0       0.0       0.0       0.0    
  '  7'   0.0       0.0       0.0       0.0       0.0       0.0       0.0       0.0    
  '  8'   0.0       0.0       0.0       0.0       0.0       0.0       0.0       0.0    
*region
   4  'west'
*cbsna   (0)       (1)       (2)       (3)       (4)       (5)       (6)       (7)
  '  0'   0.0       0.0       0.0       0.0       0.0       0.0       0.0      -1.0    
  '  1'   0.0       0.0       0.0       0.0       0.0       0.0       0.0      -1.0    
  '  2'   0.0       0.0       0.0       0.0       0.0       0.0       0.0      -1.0    
  '  3'   0.0       0.0       0.0       0.0       0.0       0.0       0.0      -1.0    
  '  4'   0.0       0.0       0.0       0.0       0.0       0.0       0.0      -1.0    
  '  5'   0.0       0.0       0.0       0.0       0.0       0.0       0.0      -1.0    
  '  6'   0.0       0.0       0.0       0.0       0.0       0.0       0.0      -1.0    
  '  7'   0.0       0.0       0.0       0.0       0.0       0.0       0.0      -1.0    
  '  8'   0.0       0.0       0.0       0.0       0.0       0.0       0.0      -1.0    
*cbsmo   (0)       (1)       (2)       (3)       (4)       (5)       (6)       (7)
  '  0'   0.0       0.0       0.0       0.0     -1.00E+10   0.0       0.0       0.0    
  '  1'   0.0       0.0      1.00E+10   0.0     -1.00E+10   0.0       0.0       0.0    
  '  2'   0.0       0.0       0.0       0.0     -1.00E+10   0.0       0.0       0.0    
  '  3'   0.0       0.0      1.00E+10   0.0     -1.00E+10   0.0       0.0       0.0    
  '  4'   0.0       0.0      1.00E+10   0.0     -1.00E+10   0.0       0.0       0.0    
  '  5'   0.0       0.0      1.00E+10   0.0     -1.00E+10   0.0       0.0       0.0    
  '  6'   0.0       0.0      1.00E+10   0.0     -1.00E+10   0.0       0.0       0.0    
  '  7'   0.0       0.0      1.00E+10   0.0     -1.00E+10   0.0       0.0       0.0    
  '  8'   0.0       0.0      1.00E+10   0.0     -1.00E+10   0.0       0.0       0.0    
*cbshi   (0)       (1)       (2)       (3)       (4)       (5)       (6)       (7)
  '  0'  1.00E-18 -1.00E+02   0.0       0.0       0.0       0.0       0.0      -1.5    
  '  1'  1.00E-18 -1.00E+02   0.0     -0.10       0.0       0.0       0.0      -1.5    
  '  2'  1.00E-18 -1.00E+02   0.0       0.0       0.0       0.0       0.0      -1.5    
  '  3'  1.00E-18 -1.00E+02   0.0     -0.10       0.0       0.0       0.0      -1.5    
  '  4'  1.00E-18 -1.00E+02   0.0     -0.10       0.0       0.0       0.0      -1.5    
  '  5'  1.00E-18 -1.00E+02   0.0     -0.10       0.0       0.0       0.0      -1.5    
  '  6'  1.00E-18 -1.00E+02   0.0     -0.10       0.0       0.0       0.0      -1.5    
  '  7'  1.00E-18 -1.00E+02   0.0     -0.10       0.0       0.0       0.0      -1.5    
  '  8'  1.00E-18 -1.00E+02   0.0     -0.10       0.0       0.0       0.0      -1.5    
*cbshe   (0)       (1)       (2)       (3)       (4)       (5)       (6)       (7)
  ' -1'  1.00E-18 -1.00E+02   0.0     -0.10       0.0       0.0       0.0      -1.5    
*cbsch   (0)       (1)       (2)       (3)       (4)       (5)       (6)       (7)
  ' -1'   0.0       0.0       0.0       0.0       0.0       0.0       1.0      0.50    
*cbrec   (0)       (1)       (2)       (3)       (4)       (5)       (6)       (7)
  '  0'   0.0       0.0       0.0       0.0       0.0       0.0       0.0       0.0    
  '  1'   1.0      0.30       0.0       0.0       0.0       0.0       0.0       0.0    
  '  2'   0.0       0.0       0.0       0.0       0.0       0.0       0.0       0.0    
  '  3'   0.0       0.0       0.0       0.0       0.0       0.0       0.0       0.0    
  '  4'   0.0       0.0       0.0       0.0       0.0       0.0       0.0       0.0    
  '  5'   0.0       0.0       0.0       0.0       0.0       0.0       0.0       0.0    
  '  6'   0.0       0.0       0.0       0.0       0.0       0.0       0.0       0.0    
  '  7'   0.0       0.0       0.0       0.0       0.0       0.0       0.0       0.0    
  '  8'   0.0       0.0       0.0       0.0       0.0       0.0       0.0       0.0    
*cbmsa   (0)       (1)       (2)       (3)       (4)       (5)       (6)       (7)
  ' -1'   0.0       0.0       0.0       0.0       0.0       0.0       0.0       0.0    
*cbmsb   (0)       (1)       (2)       (3)       (4)       (5)       (6)       (7)
  '  0'   0.0       0.0       0.0       0.0       0.0       0.0       0.0       0.0    
  '  1'   0.0       0.0       0.0       0.0       0.0       0.0       0.0       0.0    
  '  2'   0.0       0.0       0.0       0.0       0.0       0.0       0.0       0.0    
  '  3'   0.0       0.0       0.0       0.0       0.0       0.0       0.0       0.0    
  '  4'   0.0       0.0       0.0       0.0       0.0       0.0       0.0       0.0    
  '  5'   0.0       0.0       0.0       0.0       0.0       0.0       0.0       0.0    
  '  6'   0.0       0.0       0.0       0.0       0.0       0.0       0.0       0.0    
  '  7'   0.0       0.0       0.0       0.0       0.0       0.0       0.0       0.0    
  '  8'   0.0       0.0       0.0       0.0       0.0       0.0       0.0       0.0    
*region
   5  'east'
*cbsna   (0)       (1)       (2)       (3)       (4)       (5)       (6)       (7)
  '  0'   0.0       0.0       0.0       0.0       0.0       0.0       0.0      -1.0    
  '  1'   0.0       0.0       0.0       0.0       0.0       0.0       0.0      -1.0    
  '  2'   0.0       0.0       0.0       0.0       0.0       0.0       0.0      -1.0    
  '  3'   0.0       0.0       0.0       0.0       0.0       0.0       0.0      -1.0    
  '  4'   0.0       0.0       0.0       0.0       0.0       0.0       0.0      -1.0    
  '  5'   0.0       0.0       0.0       0.0       0.0       0.0       0.0      -1.0    
  '  6'   0.0       0.0       0.0       0.0       0.0       0.0       0.0      -1.0    
  '  7'   0.0       0.0       0.0       0.0       0.0       0.0       0.0      -1.0    
  '  8'   0.0       0.0       0.0       0.0       0.0       0.0       0.0      -1.0    
*cbsmo   (0)       (1)       (2)       (3)       (4)       (5)       (6)       (7)
  '  0'   0.0       0.0       0.0       0.0     -1.00E+10   0.0       0.0       0.0    
  '  1'   0.0       0.0      1.00E+10   0.0     -1.00E+10   0.0       0.0       0.0    
  '  2'   0.0       0.0       0.0       0.0     -1.00E+10   0.0       0.0       0.0    
  '  3'   0.0       0.0      1.00E+10   0.0     -1.00E+10   0.0       0.0       0.0    
  '  4'   0.0       0.0      1.00E+10   0.0     -1.00E+10   0.0       0.0       0.0    
  '  5'   0.0       0.0      1.00E+10   0.0     -1.00E+10   0.0       0.0       0.0    
  '  6'   0.0       0.0      1.00E+10   0.0     -1.00E+10   0.0       0.0       0.0    
  '  7'   0.0       0.0      1.00E+10   0.0     -1.00E+10   0.0       0.0       0.0    
  '  8'   0.0       0.0      1.00E+10   0.0     -1.00E+10   0.0       0.0       0.0    
*cbshi   (0)       (1)       (2)       (3)       (4)       (5)       (6)       (7)
  '  0'  1.00E-18 -1.00E+02   0.0       0.0       0.0       0.0       0.0      -1.5    
  '  1'  1.00E-18 -1.00E+02   0.0     -0.10       0.0       0.0       0.0      -1.5    
  '  2'  1.00E-18 -1.00E+02   0.0       0.0       0.0       0.0       0.0      -1.5    
  '  3'  1.00E-18 -1.00E+02   0.0     -0.10       0.0       0.0       0.0      -1.5    
  '  4'  1.00E-18 -1.00E+02   0.0     -0.10       0.0       0.0       0.0      -1.5    
  '  5'  1.00E-18 -1.00E+02   0.0     -0.10       0.0       0.0       0.0      -1.5    
  '  6'  1.00E-18 -1.00E+02   0.0     -0.10       0.0       0.0       0.0      -1.5    
  '  7'  1.00E-18 -1.00E+02   0.0     -0.10       0.0       0.0       0.0      -1.5    
  '  8'  1.00E-18 -1.00E+02   0.0     -0.10       0.0       0.0       0.0      -1.5    
*cbshe   (0)       (1)       (2)       (3)       (4)       (5)       (6)       (7)
  ' -1'  1.00E-18 -1.00E+02   0.0     -0.10       0.0       0.0       0.0      -1.5    
*cbsch   (0)       (1)       (2)       (3)       (4)       (5)       (6)       (7)
  ' -1'   0.0       0.0       0.0       0.0       0.0       0.0       1.0      0.50    
*cbrec   (0)       (1)       (2)       (3)       (4)       (5)       (6)       (7)
  '  0'   0.0       0.0       0.0       0.0       0.0       0.0       0.0       0.0    
  '  1'   1.0      0.30       0.0       0.0       0.0       0.0       0.0       0.0    
  '  2'   0.0       0.0       0.0       0.0       0.0       0.0       0.0       0.0    
  '  3'   0.0       0.0       0.0       0.0       0.0       0.0       0.0       0.0    
  '  4'   0.0       0.0       0.0       0.0       0.0       0.0       0.0       0.0    
  '  5'   0.0       0.0       0.0       0.0       0.0       0.0       0.0       0.0    
  '  6'   0.0       0.0       0.0       0.0       0.0       0.0       0.0       0.0    
  '  7'   0.0       0.0       0.0       0.0       0.0       0.0       0.0       0.0    
  '  8'   0.0       0.0       0.0       0.0       0.0       0.0       0.0       0.0    
*cbmsa   (0)       (1)       (2)       (3)       (4)       (5)       (6)       (7)
  ' -1'   0.0       0.0       0.0       0.0       0.0       0.0       0.0       0.0    
*cbmsb   (0)       (1)       (2)       (3)       (4)       (5)       (6)       (7)
  '  0'   0.0       0.0       0.0       0.0       0.0       0.0       0.0       0.0    
  '  1'   0.0       0.0       0.0       0.0       0.0       0.0       0.0       0.0    
  '  2'   0.0       0.0       0.0       0.0       0.0       0.0       0.0       0.0    
  '  3'   0.0       0.0       0.0       0.0       0.0       0.0       0.0       0.0    
  '  4'   0.0       0.0       0.0       0.0       0.0       0.0       0.0       0.0    
  '  5'   0.0       0.0       0.0       0.0       0.0       0.0       0.0       0.0    
  '  6'   0.0       0.0       0.0       0.0       0.0       0.0       0.0       0.0    
  '  7'   0.0       0.0       0.0       0.0       0.0       0.0       0.0       0.0    
  '  8'   0.0       0.0       0.0       0.0       0.0       0.0       0.0       0.0    
*b2cmpt         transport coefficients
*cfdf0   (0)       (1)       (2)       (3)       (4)       (5)       (6)       (7)
  '  0'  1.00E+02   0.0       1.0      5.00E-20  1.50E-18   0.0       0.0       0.0    
  '  1'  0.50       0.0       0.0       0.0       0.0       0.0       0.0       0.0    
  '  2'  1.00E+02   0.0       1.0      2.00E-20  5.00E-20   0.0       0.0       0.0    
  '  3'  0.50       0.0       0.0       0.0       0.0       0.0       0.0       0.0    
  '  4'  0.50       0.0       0.0       0.0       0.0       0.0       0.0       0.0    
  '  5'  0.50       0.0       0.0       0.0       0.0       0.0       0.0       0.0    
  '  6'  0.50       0.0       0.0       0.0       0.0       0.0       0.0       0.0    
  '  7'  0.50       0.0       0.0       0.0       0.0       0.0       0.0       0.0    
  '  8'  0.50       0.0       0.0       0.0       0.0       0.0       0.0       0.0    
*cfdna   (0)       (1)       (2)       (3)       (4)       (5)       (6)       (7)
  '  0'   0.0       0.0       0.0       0.0       0.0       0.0       0.0       0.0    
  '  1'   0.0       0.0       1.0       0.0       0.0       0.0       0.0       0.0    
  '  2'   0.0       0.0       0.0       0.0       0.0       0.0       0.0       0.0    
  '  3'   0.0       0.0       1.0       0.0       0.0       0.0       0.0       0.0    
  '  4'   0.0       0.0       1.0       0.0       0.0       0.0       0.0       0.0    
  '  5'   0.0       0.0       1.0       0.0       0.0       0.0       0.0       0.0    
  '  6'   0.0       0.0       1.0       0.0       0.0       0.0       0.0       0.0    
  '  7'   0.0       0.0       1.0       0.0       0.0       0.0       0.0       0.0    
  '  8'   0.0       0.0       1.0       0.0       0.0       0.0       0.0       0.0    
*cfdpa   (0)       (1)       (2)       (3)       (4)       (5)       (6)       (7)
  '  0'   0.0       0.0       1.0       0.0       0.0       0.0       0.0       0.0    
  '  1'   0.0       0.0       0.0       0.0       0.0       0.0       0.0       0.0    
  '  2'   0.0       0.0       1.0       0.0       0.0       0.0       0.0       0.0    
  '  3'   0.0       0.0       0.0       0.0       0.0       0.0       0.0       0.0    
  '  4'   0.0       0.0       0.0       0.0       0.0       0.0       0.0       0.0    
  '  5'   0.0       0.0       0.0       0.0       0.0       0.0       0.0       0.0    
  '  6'   0.0       0.0       0.0       0.0       0.0       0.0       0.0       0.0    
  '  7'   0.0       0.0       0.0       0.0       0.0       0.0       0.0       0.0    
  '  8'   0.0       0.0       0.0       0.0       0.0       0.0       0.0       0.0    
*cfvla   (0)       (1)       (2)       (3)       (4)       (5)       (6)       (7)
  '  0'   0.0       0.0       0.0       0.0       0.0       0.0       0.0       0.0    
  '  1'   0.0       0.0       0.0       0.0       0.0       0.0       0.0       0.0    
  '  2'   0.0       0.0       0.0       0.0       0.0       0.0       0.0       0.0    
  '  3'   0.0       0.0       0.0       0.0       0.0       0.0       0.0       0.0    
  '  4'   0.0       0.0       0.0       0.0       0.0       0.0       0.0       0.0    
  '  5'   0.0       0.0       0.0       0.0       0.0       0.0       0.0       0.0    
  '  6'   0.0       0.0       0.0       0.0       0.0       0.0       0.0       0.0    
  '  7'   0.0       0.0       0.0       0.0       0.0       0.0       0.0       0.0    
  '  8'   0.0       0.0       0.0       0.0       0.0       0.0       0.0       0.0    
*cfvsa   (0)       (1)       (2)       (3)       (4)       (5)       (6)       (7)
  '  0'   0.0       0.0       1.0       0.0       0.0       0.0       0.0       0.0    
  '  1'   0.0       0.0       1.0       0.0       0.0       0.0       0.0       0.0    
  '  2'   0.0       0.0       1.0       0.0       0.0       0.0       0.0       0.0    
  '  3'   0.0       0.0       1.0       0.0       0.0       0.0       0.0       0.0    
  '  4'   0.0       0.0       1.0       0.0       0.0       0.0       0.0       0.0    
  '  5'   0.0       0.0       1.0       0.0       0.0       0.0       0.0       0.0    
  '  6'   0.0       0.0       1.0       0.0       0.0       0.0       0.0       0.0    
  '  7'   0.0       0.0       1.0       0.0       0.0       0.0       0.0       0.0    
  '  8'   0.0       0.0       1.0       0.0       0.0       0.0       0.0       0.0    
*cfhci   (0)       (1)       (2)       (3)       (4)       (5)       (6)       (7)
  '  0'   0.0       0.0       1.4       0.0       0.0       0.0       0.0       0.0    
  '  1'   0.0       0.0       1.4       0.0       0.0       0.0       0.0       0.0    
  '  2'   0.0       0.0       1.4       0.0       0.0       0.0       0.0       0.0    
  '  3'   0.0       0.0       1.4       0.0       0.0       0.0       0.0       0.0    
  '  4'   0.0       0.0       1.4       0.0       0.0       0.0       0.0       0.0    
  '  5'   0.0       0.0       1.4       0.0       0.0       0.0       0.0       0.0    
  '  6'   0.0       0.0       1.4       0.0       0.0       0.0       0.0       0.0    
  '  7'   0.0       0.0       1.4       0.0       0.0       0.0       0.0       0.0    
  '  8'   0.0       0.0       1.4       0.0       0.0       0.0       0.0       0.0    
*cfhce   (0)       (1)       (2)       (3)       (4)       (5)       (6)       (7)
  ' -1'  0.70       0.0       0.0       0.0       0.0       0.0       0.0       0.0    
*cfsig   (0)       (1)       (2)       (3)       (4)       (5)       (6)       (7)
  ' -1'  1.00E-03   0.0       0.0       0.0       0.0       0.0       0.0       0.0    
*cfalf   (0)       (1)       (2)       (3)       (4)       (5)       (6)       (7)
  ' -1'  1.00E-03   0.0       0.0       0.0       0.0       0.0       0.0       0.0    
*cflim   (0)       (1)       (2)       (3)       (4)       (5)       (6)       (7)
  ' -1'  0.30      0.30      0.50       0.0       0.0       0.0       0.0       0.0    
*endphy

  idout0:  pgnl;pgmm;pzmm                  
  idout1:  pzmm                            

  The grid contains nx*ny interior cells, where nx =  96 and ny =  36.
  With boundary cells included the size is (nx+2)*(ny+2).

   +pgmm

  Range of crx:   1.016E+00  2.325E+00
  Range of cry:  -1.334E+00  1.043E+00
  Range of fpsi:  0.000E+00  0.000E+00
  Range of ffbz:  0.000E+00  0.000E+00
  Range of bx:   -5.876E-01 -6.322E-03
  Range of by:    0.000E+00  0.000E+00
  Range of bz:   -3.387E+00 -1.485E+00
  Range of bb:    1.521E+00  3.429E+00

   +pgnl

  There are no singular regions.


   +pzmm

  Minimum and maximum values and their locations

  na(  0):     1.00E+12 at (  -1,  -1);     1.00E+12 at (  96,  36).
  na(  1):     1.00E+19 at (  -1,  -1);     1.00E+19 at (  96,  36).
  na(  2):     1.00E+16 at (  -1,  -1);     1.00E+16 at (  96,  36).
  na(  3):     1.00E+16 at (  -1,  -1);     1.00E+16 at (  96,  36).
  na(  4):     1.00E+16 at (  -1,  -1);     1.00E+16 at (  96,  36).
  na(  5):     1.00E+16 at (  -1,  -1);     1.00E+16 at (  96,  36).
  na(  6):     1.00E+16 at (  -1,  -1);     1.00E+16 at (  96,  36).
  na(  7):     1.00E+16 at (  -1,  -1);     1.00E+16 at (  96,  36).
  na(  8):     1.00E+16 at (  -1,  -1);     1.00E+16 at (  96,  36).
     ne :     1.02E+19 at (  -1,  -1);     1.02E+19 at (  96,  36).
     ni :     1.01E+19 at (  -1,  -1);     1.01E+19 at (  96,  36).
     te :     1.00E+02 at (  -1,  -1);     1.00E+02 at (  96,  36).
     ti :     1.00E+02 at (  -1,  -1);     1.00E+02 at (  96,  36).
     po :     3.10E+02 at (  -1,  -1);     3.10E+02 at (  96,  36).
  pa(  0):     1.60E-05 at (  -1,  -1);     1.60E-05 at (  96,  36).
  pa(  1):     3.20E+02 at (  -1,  -1);     3.20E+02 at (  96,  36).
  pa(  2):     1.60E-01 at (  -1,  -1);     1.60E-01 at (  96,  36).
  pa(  3):     3.20E-01 at (  -1,  -1);     3.20E-01 at (  96,  36).
  pa(  4):     4.81E-01 at (  -1,  -1);     4.81E-01 at (  96,  36).
  pa(  5):     6.41E-01 at (  -1,  -1);     6.41E-01 at (  96,  36).
  pa(  6):     8.01E-01 at (  -1,  -1);     8.01E-01 at (  96,  36).
  pa(  7):     9.61E-01 at (  -1,  -1);     9.61E-01 at (  96,  36).
  pa(  8):     1.12E+00 at (  -1,  -1);     1.12E+00 at (  96,  36).
     pr :     3.25E+02 at (  -1,  -1);     3.25E+02 at (  96,  36).
  ua(  0):     0.00E+00 at (  -1,  -1);     0.00E+00 at (  96,  36).
  ua(  1):     0.00E+00 at (  -1,  -1);     0.00E+00 at (  96,  36).
  ua(  2):     0.00E+00 at (  -1,  -1);     0.00E+00 at (  96,  36).
  ua(  3):     0.00E+00 at (  -1,  -1);     0.00E+00 at (  96,  36).
  ua(  4):     0.00E+00 at (  -1,  -1);     0.00E+00 at (  96,  36).
  ua(  5):     0.00E+00 at (  -1,  -1);     0.00E+00 at (  96,  36).
  ua(  6):     0.00E+00 at (  -1,  -1);     0.00E+00 at (  96,  36).
  ua(  7):     0.00E+00 at (  -1,  -1);     0.00E+00 at (  96,  36).
  ua(  8):     0.00E+00 at (  -1,  -1);     0.00E+00 at (  96,  36).


   +pzmm

  Minimum and maximum values and their locations

  na(  0):     1.48E+10 at (  28,   1);     1.12E+12 at (   4,  36).
  na(  1):     3.11E+18 at (  96,  36);     3.34E+19 at (  71,  -1).
  na(  2):     2.82E+13 at (  28,   3);     2.26E+15 at (   4,  36).
  na(  3):     2.55E+14 at (  69,   2);     8.46E+15 at (  10,   0).
  na(  4):     8.73E+14 at (  -1,  36);     1.89E+16 at (  45,  18).
  na(  5):     6.51E+14 at (  96,  36);     8.06E+16 at (  24,  17).
  na(  6):     5.12E+14 at (  96,  36);     6.22E+17 at (  68,  -1).
  na(  7):     4.65E+14 at (  96,  36);     1.88E+16 at (  71,  -1).
  na(  8):     4.48E+14 at (  96,  36);     1.96E+16 at (  71,  -1).
     ne :     3.12E+18 at (  96,  36);     3.63E+19 at (  69,  -1).
     ni :     3.11E+18 at (  96,  36);     3.41E+19 at (  69,  -1).
     te :     5.12E+01 at (  35,  -1);     9.90E+01 at (  43,  22).
     ti :     2.16E+01 at (  45,  36);     9.98E+01 at (  44,  24).
     po :     1.59E+02 at (  96,  -1);     3.18E+02 at (  24,  17).
  pa(  0):     1.76E-07 at (  27,   0);     4.54E-06 at (   0,  28).
  pa(  1):     6.03E+01 at (  96,  36);     5.93E+02 at (  39,   0).
  pa(  2):     3.98E-04 at (  27,   0);     9.12E-03 at (   0,  35).
  pa(  3):     5.98E-03 at (  31,  -1);     2.49E-01 at (   8,  22).
  pa(  4):     2.91E-02 at (  -1,  36);     8.94E-01 at (  49,  19).
  pa(  5):     3.18E-02 at (  96,  36);     5.04E+00 at (  24,  17).
  pa(  6):     3.26E-02 at (  96,  36);     2.84E+01 at (  68,   0).
  pa(  7):     3.64E-02 at (  96,  36);     1.14E+00 at (  69,   1).
  pa(  8):     4.17E-02 at (  96,  36);     1.30E+00 at (  69,   1).
     pr :     6.05E+01 at (  96,  36);     6.18E+02 at (  45,  -1).
  ua(  0):    -7.06E+02 at (   3,  25);     1.14E+03 at (  65,   2).
  ua(  1):    -8.74E+04 at (  -1,  33);     8.89E+04 at (  96,  19).
  ua(  2):    -5.38E+02 at (   3,   6);     8.08E+02 at (  90,  34).
  ua(  3):    -8.74E+04 at (  -1,  33);     8.89E+04 at (  96,  19).
  ua(  4):    -8.74E+04 at (  -1,  33);     8.89E+04 at (  96,  19).
  ua(  5):    -8.74E+04 at (  -1,  33);     8.89E+04 at (  96,  19).
  ua(  6):    -8.74E+04 at (  -1,  33);     8.89E+04 at (  96,  19).
  ua(  7):    -8.74E+04 at (  -1,  33);     8.89E+04 at (  96,  19).
  ua(  8):    -8.74E+04 at (  -1,  33);     8.89E+04 at (  96,  19).

