
  label for default physics parameters:

    b2ah     B2 bjb99/7  SOLPS 5.00   te **l dall*      dsam    
    Species D + C                                               

  There are ns species, ns =  9.  The species properties (zamin,zamax,zn,am) are:
  species  0,  atomic charge range from   0.00 to   0.00,  nuclear charge  1.00,  atomic mass  2.00
  species  1,  atomic charge range from   1.00 to   1.00,  nuclear charge  1.00,  atomic mass  2.00
  species  2,  atomic charge range from   0.00 to   0.00,  nuclear charge  6.00,  atomic mass 12.01
  species  3,  atomic charge range from   1.00 to   1.00,  nuclear charge  6.00,  atomic mass 12.01
  species  4,  atomic charge range from   2.00 to   2.00,  nuclear charge  6.00,  atomic mass 12.01
  species  5,  atomic charge range from   3.00 to   3.00,  nuclear charge  6.00,  atomic mass 12.01
  species  6,  atomic charge range from   4.00 to   4.00,  nuclear charge  6.00,  atomic mass 12.01
  species  7,  atomic charge range from   5.00 to   5.00,  nuclear charge  6.00,  atomic mass 12.01
  species  8,  atomic charge range from   6.00 to   6.00,  nuclear charge  6.00,  atomic mass 12.01

*cbregs   nr    breakpoints
 'south'    3       0.250    0.750    2.000
 'north'    1       2.000
 'west'     1       2.000
 'east'     1       2.000
*region
   0  'south'
*cbsna   (0)       (1)       (2)       (3)       (4)       (5)       (6)       (7)
  ' 0'   0.0       0.0     -1.00E-02   0.0       0.0       0.0       0.0       0.0    
  ' 1'   0.0       0.0     -1.00E-03   0.0       0.0       0.0       0.0       0.0    
  ' 2'   0.0       0.0       0.0       0.0       0.0       0.0       0.0       0.0    
  ' 3'   0.0       0.0     -1.00E-03   0.0       0.0       0.0       0.0       0.0    
  ' 4'   0.0       0.0     -1.00E-03   0.0       0.0       0.0       0.0       0.0    
  ' 5'   0.0       0.0     -1.00E-03   0.0       0.0       0.0       0.0       0.0    
  ' 6'   0.0       0.0     -1.00E-03   0.0       0.0       0.0       0.0       0.0    
  ' 7'   0.0       0.0     -1.00E-03   0.0       0.0       0.0       0.0       0.0    
  ' 8'   0.0       0.0     -1.00E-03   0.0       0.0       0.0       0.0       0.0    
*cbsmo   (0)       (1)       (2)       (3)       (4)       (5)       (6)       (7)
  ' 0'   0.0       0.0       0.0     -1.00E+10   0.0       0.0      -1.0       0.0    
  ' 1'   0.0       0.0       0.0       0.0       0.0       0.0      -1.0       0.0    
  ' 2'   0.0       0.0       0.0     -1.00E+10   0.0       0.0      -1.0       0.0    
  ' 3'   0.0       0.0       0.0       0.0       0.0       0.0      -1.0       0.0    
  ' 4'   0.0       0.0       0.0       0.0       0.0       0.0      -1.0       0.0    
  ' 5'   0.0       0.0       0.0       0.0       0.0       0.0      -1.0       0.0    
  ' 6'   0.0       0.0       0.0       0.0       0.0       0.0      -1.0       0.0    
  ' 7'   0.0       0.0       0.0       0.0       0.0       0.0      -1.0       0.0    
  ' 8'   0.0       0.0       0.0       0.0       0.0       0.0      -1.0       0.0    
*cbshi   (0)       (1)       (2)       (3)       (4)       (5)       (6)       (7)
  ' 0'  1.00E-18 -1.00E+02 -0.10       0.0       0.0       0.0       0.0      -2.5    
  ' 1'  1.00E-18 -1.00E+02 -1.00E-02   0.0       0.0       0.0       0.0      -2.5    
  ' 2'  1.00E-18 -1.00E+02 -0.10       0.0       0.0       0.0       0.0      -2.5    
  ' 3'  1.00E-18 -1.00E+02 -1.00E-02   0.0       0.0       0.0       0.0      -2.5    
  ' 4'  1.00E-18 -1.00E+02 -1.00E-02   0.0       0.0       0.0       0.0      -2.5    
  ' 5'  1.00E-18 -1.00E+02 -1.00E-02   0.0       0.0       0.0       0.0      -2.5    
  ' 6'  1.00E-18 -1.00E+02 -1.00E-02   0.0       0.0       0.0       0.0      -2.5    
  ' 7'  1.00E-18 -1.00E+02 -1.00E-02   0.0       0.0       0.0       0.0      -2.5    
  ' 8'  1.00E-18 -1.00E+02 -1.00E-02   0.0       0.0       0.0       0.0      -2.5    
*cbshe   (0)       (1)       (2)       (3)       (4)       (5)       (6)       (7)
  '-1'  1.00E-18 -1.00E+02 -1.00E-04   0.0       0.0       0.0       0.0      -2.5    
*cbsch   (0)       (1)       (2)       (3)       (4)       (5)       (6)       (7)
  '-1'   0.0       0.0       0.0       0.0       0.0       0.0       0.0       0.0    
*cbrec   (0)       (1)       (2)       (3)       (4)       (5)       (6)       (7)
  ' 0'   0.0       0.0       0.0       0.0       0.0       0.0       0.0       0.0    
  ' 1'   1.0      0.30       0.0       0.0       0.0       0.0       0.0       0.0    
  ' 2'   0.0       0.0       0.0       0.0       0.0       0.0       0.0       0.0    
  ' 3'   0.0       0.0       0.0       0.0       0.0       0.0       0.0       0.0    
  ' 4'   0.0       0.0       0.0       0.0       0.0       0.0       0.0       0.0    
  ' 5'   0.0       0.0       0.0       0.0       0.0       0.0       0.0       0.0    
  ' 6'   0.0       0.0       0.0       0.0       0.0       0.0       0.0       0.0    
  ' 7'   0.0       0.0       0.0       0.0       0.0       0.0       0.0       0.0    
  ' 8'   0.0       0.0       0.0       0.0       0.0       0.0       0.0       0.0    
*cbmsa   (0)       (1)       (2)       (3)       (4)       (5)       (6)       (7)
  '-1'   0.0       0.0       0.0       0.0       0.0       0.0       0.0       0.0    
*cbmsb   (0)       (1)       (2)       (3)       (4)       (5)       (6)       (7)
  ' 0'   0.0       0.0       0.0       0.0       0.0       0.0       0.0       0.0    
  ' 1'   0.0       0.0       0.0       0.0       0.0       0.0       0.0       0.0    
  ' 2'   0.0       0.0       0.0       0.0       0.0       0.0       0.0       0.0    
  ' 3'   0.0       0.0       0.0       0.0       0.0       0.0       0.0       0.0    
  ' 4'   0.0       0.0       0.0       0.0       0.0       0.0       0.0       0.0    
  ' 5'   0.0       0.0       0.0       0.0       0.0       0.0       0.0       0.0    
  ' 6'   0.0       0.0       0.0       0.0       0.0       0.0       0.0       0.0    
  ' 7'   0.0       0.0       0.0       0.0       0.0       0.0       0.0       0.0    
  ' 8'   0.0       0.0       0.0       0.0       0.0       0.0       0.0       0.0    
*region
   1  'south'
*cbsna   (0)       (1)       (2)       (3)       (4)       (5)       (6)       (7)
  ' 0'   0.0     -1.00E+10   0.0       0.0       0.0       0.0       0.0       0.0    
  ' 1'  4.00E+29 -1.00E+10   0.0       0.0       0.0       0.0       0.0       0.0    
  ' 2'   0.0       0.0       0.0       0.0       0.0       0.0       0.0       0.0    
  ' 3'   0.0       0.0       0.0       0.0       0.0       0.0       0.0       0.0    
  ' 4'   0.0       0.0       0.0       0.0       0.0       0.0       0.0       0.0    
  ' 5'   0.0       0.0       0.0       0.0       0.0       0.0       0.0       0.0    
  ' 6'   0.0       0.0       0.0       0.0       0.0       0.0       0.0       0.0    
  ' 7'   0.0       0.0       0.0       0.0       0.0       0.0       0.0       0.0    
  ' 8'   0.0       0.0       0.0       0.0       0.0       0.0       0.0       0.0    
*cbsmo   (0)       (1)       (2)       (3)       (4)       (5)       (6)       (7)
  ' 0'   0.0       0.0       0.0     -1.00E+10   0.0       0.0       0.0       0.0    
  ' 1'   0.0       0.0       0.0     -1.00E+10   0.0       0.0       0.0       0.0    
  ' 2'   0.0       0.0       0.0     -1.00E+10   0.0       0.0       0.0       0.0    
  ' 3'   0.0       0.0       0.0     -1.00E+10   0.0       0.0       0.0       0.0    
  ' 4'   0.0       0.0       0.0     -1.00E+10   0.0       0.0       0.0       0.0    
  ' 5'   0.0       0.0       0.0     -1.00E+10   0.0       0.0       0.0       0.0    
  ' 6'   0.0       0.0       0.0     -1.00E+10   0.0       0.0       0.0       0.0    
  ' 7'   0.0       0.0       0.0     -1.00E+10   0.0       0.0       0.0       0.0    
  ' 8'   0.0       0.0       0.0     -1.00E+10   0.0       0.0       0.0       0.0    
*cbshi   (0)       (1)       (2)       (3)       (4)       (5)       (6)       (7)
  ' 0'  5.15E+03   0.0       0.0       0.0       0.0       0.0       0.0      -2.5    
  ' 1'  5.15E+03   0.0       0.0       0.0       0.0       0.0       0.0      -2.5    
  ' 2'  5.15E+03   0.0       0.0       0.0       0.0       0.0       0.0      -2.5    
  ' 3'  5.15E+03   0.0       0.0       0.0       0.0       0.0       0.0      -2.5    
  ' 4'  5.15E+03   0.0       0.0       0.0       0.0       0.0       0.0      -2.5    
  ' 5'  5.15E+03   0.0       0.0       0.0       0.0       0.0       0.0      -2.5    
  ' 6'  5.15E+03   0.0       0.0       0.0       0.0       0.0       0.0      -2.5    
  ' 7'  5.15E+03   0.0       0.0       0.0       0.0       0.0       0.0      -2.5    
  ' 8'  5.15E+03   0.0       0.0       0.0       0.0       0.0       0.0      -2.5    
*cbshe   (0)       (1)       (2)       (3)       (4)       (5)       (6)       (7)
  '-1'  5.15E+03   0.0       0.0       0.0       0.0       0.0       0.0      -2.5    
*cbsch   (0)       (1)       (2)       (3)       (4)       (5)       (6)       (7)
  '-1'   0.0       0.0       0.0       0.0       0.0       0.0       0.0       0.0    
*cbrec   (0)       (1)       (2)       (3)       (4)       (5)       (6)       (7)
  ' 0'   0.0       0.0       0.0       0.0       0.0       0.0       0.0       0.0    
  ' 1'   0.0       0.0       0.0       0.0       0.0       0.0       0.0       0.0    
  ' 2'   0.0       0.0       0.0       0.0       0.0       0.0       0.0       0.0    
  ' 3'   0.0       0.0       0.0       0.0       0.0       0.0       0.0       0.0    
  ' 4'   0.0       0.0       0.0       0.0       0.0       0.0       0.0       0.0    
  ' 5'   0.0       0.0       0.0       0.0       0.0       0.0       0.0       0.0    
  ' 6'   0.0       0.0       0.0       0.0       0.0       0.0       0.0       0.0    
  ' 7'   0.0       0.0       0.0       0.0       0.0       0.0       0.0       0.0    
  ' 8'   0.0       0.0       0.0       0.0       0.0       0.0       0.0       0.0    
*cbmsa   (0)       (1)       (2)       (3)       (4)       (5)       (6)       (7)
  '-1'   0.0       0.0       0.0       0.0       0.0       0.0       0.0       0.0    
*cbmsb   (0)       (1)       (2)       (3)       (4)       (5)       (6)       (7)
  ' 0'   0.0       0.0       0.0       0.0       0.0       0.0       0.0       0.0    
  ' 1'   0.0       0.0       0.0       0.0       0.0       0.0       0.0       0.0    
  ' 2'   0.0       0.0       0.0       0.0       0.0       0.0       0.0       0.0    
  ' 3'   0.0       0.0       0.0       0.0       0.0       0.0       0.0       0.0    
  ' 4'   0.0       0.0       0.0       0.0       0.0       0.0       0.0       0.0    
  ' 5'   0.0       0.0       0.0       0.0       0.0       0.0       0.0       0.0    
  ' 6'   0.0       0.0       0.0       0.0       0.0       0.0       0.0       0.0    
  ' 7'   0.0       0.0       0.0       0.0       0.0       0.0       0.0       0.0    
  ' 8'   0.0       0.0       0.0       0.0       0.0       0.0       0.0       0.0    
*region
   2  'south'
*cbsna   (0)       (1)       (2)       (3)       (4)       (5)       (6)       (7)
  ' 0'   0.0       0.0     -1.00E-02   0.0       0.0       0.0       0.0       0.0    
  ' 1'   0.0       0.0     -1.00E-03   0.0       0.0       0.0       0.0       0.0    
  ' 2'   0.0       0.0       0.0       0.0       0.0       0.0       0.0       0.0    
  ' 3'   0.0       0.0     -1.00E-03   0.0       0.0       0.0       0.0       0.0    
  ' 4'   0.0       0.0     -1.00E-03   0.0       0.0       0.0       0.0       0.0    
  ' 5'   0.0       0.0     -1.00E-03   0.0       0.0       0.0       0.0       0.0    
  ' 6'   0.0       0.0     -1.00E-03   0.0       0.0       0.0       0.0       0.0    
  ' 7'   0.0       0.0     -1.00E-03   0.0       0.0       0.0       0.0       0.0    
  ' 8'   0.0       0.0     -1.00E-03   0.0       0.0       0.0       0.0       0.0    
*cbsmo   (0)       (1)       (2)       (3)       (4)       (5)       (6)       (7)
  ' 0'   0.0       0.0       0.0     -1.00E+10   0.0       0.0      -1.0       0.0    
  ' 1'   0.0       0.0       0.0       0.0       0.0       0.0      -1.0       0.0    
  ' 2'   0.0       0.0       0.0     -1.00E+10   0.0       0.0      -1.0       0.0    
  ' 3'   0.0       0.0       0.0       0.0       0.0       0.0      -1.0       0.0    
  ' 4'   0.0       0.0       0.0       0.0       0.0       0.0      -1.0       0.0    
  ' 5'   0.0       0.0       0.0       0.0       0.0       0.0      -1.0       0.0    
  ' 6'   0.0       0.0       0.0       0.0       0.0       0.0      -1.0       0.0    
  ' 7'   0.0       0.0       0.0       0.0       0.0       0.0      -1.0       0.0    
  ' 8'   0.0       0.0       0.0       0.0       0.0       0.0      -1.0       0.0    
*cbshi   (0)       (1)       (2)       (3)       (4)       (5)       (6)       (7)
  ' 0'  1.00E-18 -1.00E+02 -0.10       0.0       0.0       0.0       0.0      -2.5    
  ' 1'  1.00E-18 -1.00E+02 -1.00E-02   0.0       0.0       0.0       0.0      -2.5    
  ' 2'  1.00E-18 -1.00E+02 -0.10       0.0       0.0       0.0       0.0      -2.5    
  ' 3'  1.00E-18 -1.00E+02 -1.00E-02   0.0       0.0       0.0       0.0      -2.5    
  ' 4'  1.00E-18 -1.00E+02 -1.00E-02   0.0       0.0       0.0       0.0      -2.5    
  ' 5'  1.00E-18 -1.00E+02 -1.00E-02   0.0       0.0       0.0       0.0      -2.5    
  ' 6'  1.00E-18 -1.00E+02 -1.00E-02   0.0       0.0       0.0       0.0      -2.5    
  ' 7'  1.00E-18 -1.00E+02 -1.00E-02   0.0       0.0       0.0       0.0      -2.5    
  ' 8'  1.00E-18 -1.00E+02 -1.00E-02   0.0       0.0       0.0       0.0      -2.5    
*cbshe   (0)       (1)       (2)       (3)       (4)       (5)       (6)       (7)
  '-1'  1.00E-18 -1.00E+02 -1.00E-04   0.0       0.0       0.0       0.0      -2.5    
*cbsch   (0)       (1)       (2)       (3)       (4)       (5)       (6)       (7)
  '-1'   0.0       0.0       0.0       0.0       0.0       0.0       0.0       0.0    
*cbrec   (0)       (1)       (2)       (3)       (4)       (5)       (6)       (7)
  ' 0'   0.0       0.0       0.0       0.0       0.0       0.0       0.0       0.0    
  ' 1'   1.0      0.30       0.0       0.0       0.0       0.0       0.0       0.0    
  ' 2'   0.0       0.0       0.0       0.0       0.0       0.0       0.0       0.0    
  ' 3'   0.0       0.0       0.0       0.0       0.0       0.0       0.0       0.0    
  ' 4'   0.0       0.0       0.0       0.0       0.0       0.0       0.0       0.0    
  ' 5'   0.0       0.0       0.0       0.0       0.0       0.0       0.0       0.0    
  ' 6'   0.0       0.0       0.0       0.0       0.0       0.0       0.0       0.0    
  ' 7'   0.0       0.0       0.0       0.0       0.0       0.0       0.0       0.0    
  ' 8'   0.0       0.0       0.0       0.0       0.0       0.0       0.0       0.0    
*cbmsa   (0)       (1)       (2)       (3)       (4)       (5)       (6)       (7)
  '-1'   0.0       0.0       0.0       0.0       0.0       0.0       0.0       0.0    
*cbmsb   (0)       (1)       (2)       (3)       (4)       (5)       (6)       (7)
  ' 0'   0.0       0.0       0.0       0.0       0.0       0.0       0.0       0.0    
  ' 1'   0.0       0.0       0.0       0.0       0.0       0.0       0.0       0.0    
  ' 2'   0.0       0.0       0.0       0.0       0.0       0.0       0.0       0.0    
  ' 3'   0.0       0.0       0.0       0.0       0.0       0.0       0.0       0.0    
  ' 4'   0.0       0.0       0.0       0.0       0.0       0.0       0.0       0.0    
  ' 5'   0.0       0.0       0.0       0.0       0.0       0.0       0.0       0.0    
  ' 6'   0.0       0.0       0.0       0.0       0.0       0.0       0.0       0.0    
  ' 7'   0.0       0.0       0.0       0.0       0.0       0.0       0.0       0.0    
  ' 8'   0.0       0.0       0.0       0.0       0.0       0.0       0.0       0.0    
*region
   3  'north'
*cbsna   (0)       (1)       (2)       (3)       (4)       (5)       (6)       (7)
  ' 0'   0.0       0.0     -1.00E-02   0.0       0.0       0.0       0.0       0.0    
  ' 1'   0.0       0.0     -1.00E-03   0.0       0.0       0.0       0.0       0.0    
  ' 2'   0.0       0.0       0.0       0.0       0.0       0.0       0.0       0.0    
  ' 3'   0.0       0.0     -1.00E-03   0.0       0.0       0.0       0.0       0.0    
  ' 4'   0.0       0.0     -1.00E-03   0.0       0.0       0.0       0.0       0.0    
  ' 5'   0.0       0.0     -1.00E-03   0.0       0.0       0.0       0.0       0.0    
  ' 6'   0.0       0.0     -1.00E-03   0.0       0.0       0.0       0.0       0.0    
  ' 7'   0.0       0.0     -1.00E-03   0.0       0.0       0.0       0.0       0.0    
  ' 8'   0.0       0.0     -1.00E-03   0.0       0.0       0.0       0.0       0.0    
*cbsmo   (0)       (1)       (2)       (3)       (4)       (5)       (6)       (7)
  ' 0'   0.0       0.0       0.0     -1.00E+10   0.0       0.0      -1.0       0.0    
  ' 1'   0.0       0.0       0.0       0.0       0.0       0.0      -1.0       0.0    
  ' 2'   0.0       0.0       0.0     -1.00E+10   0.0       0.0      -1.0       0.0    
  ' 3'   0.0       0.0       0.0       0.0       0.0       0.0      -1.0       0.0    
  ' 4'   0.0       0.0       0.0       0.0       0.0       0.0      -1.0       0.0    
  ' 5'   0.0       0.0       0.0       0.0       0.0       0.0      -1.0       0.0    
  ' 6'   0.0       0.0       0.0       0.0       0.0       0.0      -1.0       0.0    
  ' 7'   0.0       0.0       0.0       0.0       0.0       0.0      -1.0       0.0    
  ' 8'   0.0       0.0       0.0       0.0       0.0       0.0      -1.0       0.0    
*cbshi   (0)       (1)       (2)       (3)       (4)       (5)       (6)       (7)
  ' 0'  1.00E-18 -1.00E+02 -0.10       0.0       0.0       0.0       0.0      -2.5    
  ' 1'  1.00E-18 -1.00E+02 -1.00E-02   0.0       0.0       0.0       0.0      -2.5    
  ' 2'  1.00E-18 -1.00E+02 -0.10       0.0       0.0       0.0       0.0      -2.5    
  ' 3'  1.00E-18 -1.00E+02 -1.00E-02   0.0       0.0       0.0       0.0      -2.5    
  ' 4'  1.00E-18 -1.00E+02 -1.00E-02   0.0       0.0       0.0       0.0      -2.5    
  ' 5'  1.00E-18 -1.00E+02 -1.00E-02   0.0       0.0       0.0       0.0      -2.5    
  ' 6'  1.00E-18 -1.00E+02 -1.00E-02   0.0       0.0       0.0       0.0      -2.5    
  ' 7'  1.00E-18 -1.00E+02 -1.00E-02   0.0       0.0       0.0       0.0      -2.5    
  ' 8'  1.00E-18 -1.00E+02 -1.00E-02   0.0       0.0       0.0       0.0      -2.5    
*cbshe   (0)       (1)       (2)       (3)       (4)       (5)       (6)       (7)
  '-1'  1.00E-18 -1.00E+02 -1.00E-04   0.0       0.0       0.0       0.0      -2.5    
*cbsch   (0)       (1)       (2)       (3)       (4)       (5)       (6)       (7)
  '-1'   0.0       0.0       0.0       0.0       0.0       0.0       0.0       0.0    
*cbrec   (0)       (1)       (2)       (3)       (4)       (5)       (6)       (7)
  ' 0'   0.0       0.0       0.0       0.0       0.0       0.0       0.0       0.0    
  ' 1'   1.0      0.30       0.0       0.0       0.0       0.0       0.0       0.0    
  ' 2'   0.0       0.0       0.0       0.0       0.0       0.0       0.0       0.0    
  ' 3'   0.0       0.0       0.0       0.0       0.0       0.0       0.0       0.0    
  ' 4'   0.0       0.0       0.0       0.0       0.0       0.0       0.0       0.0    
  ' 5'   0.0       0.0       0.0       0.0       0.0       0.0       0.0       0.0    
  ' 6'   0.0       0.0       0.0       0.0       0.0       0.0       0.0       0.0    
  ' 7'   0.0       0.0       0.0       0.0       0.0       0.0       0.0       0.0    
  ' 8'   0.0       0.0       0.0       0.0       0.0       0.0       0.0       0.0    
*cbmsa   (0)       (1)       (2)       (3)       (4)       (5)       (6)       (7)
  '-1'   0.0       0.0       0.0       0.0       0.0       0.0       0.0       0.0    
*cbmsb   (0)       (1)       (2)       (3)       (4)       (5)       (6)       (7)
  ' 0'   0.0       0.0       0.0       0.0       0.0       0.0       0.0       0.0    
  ' 1'   0.0       0.0       0.0       0.0       0.0       0.0       0.0       0.0    
  ' 2'   0.0       0.0       0.0       0.0       0.0       0.0       0.0       0.0    
  ' 3'   0.0       0.0       0.0       0.0       0.0       0.0       0.0       0.0    
  ' 4'   0.0       0.0       0.0       0.0       0.0       0.0       0.0       0.0    
  ' 5'   0.0       0.0       0.0       0.0       0.0       0.0       0.0       0.0    
  ' 6'   0.0       0.0       0.0       0.0       0.0       0.0       0.0       0.0    
  ' 7'   0.0       0.0       0.0       0.0       0.0       0.0       0.0       0.0    
  ' 8'   0.0       0.0       0.0       0.0       0.0       0.0       0.0       0.0    
*region
   4  'west'
*cbsna   (0)       (1)       (2)       (3)       (4)       (5)       (6)       (7)
  ' 0'   0.0       0.0       0.0       0.0       0.0       0.0       0.0      -1.0    
  ' 1'   0.0       0.0       0.0       0.0       0.0       0.0       0.0      -1.0    
  ' 2'   0.0       0.0       0.0       0.0       0.0       0.0       0.0      -1.0    
  ' 3'   0.0       0.0       0.0       0.0       0.0       0.0       0.0      -1.0    
  ' 4'   0.0       0.0       0.0       0.0       0.0       0.0       0.0      -1.0    
  ' 5'   0.0       0.0       0.0       0.0       0.0       0.0       0.0      -1.0    
  ' 6'   0.0       0.0       0.0       0.0       0.0       0.0       0.0      -1.0    
  ' 7'   0.0       0.0       0.0       0.0       0.0       0.0       0.0      -1.0    
  ' 8'   0.0       0.0       0.0       0.0       0.0       0.0       0.0      -1.0    
*cbsmo   (0)       (1)       (2)       (3)       (4)       (5)       (6)       (7)
  ' 0'   0.0       0.0       0.0       0.0     -1.00E+10   0.0       0.0       0.0    
  ' 1'   0.0       0.0      1.00E+10   0.0     -1.00E+10   0.0       0.0       0.0    
  ' 2'   0.0       0.0       0.0       0.0     -1.00E+10   0.0       0.0       0.0    
  ' 3'   0.0       0.0      1.00E+10   0.0     -1.00E+10   0.0       0.0       0.0    
  ' 4'   0.0       0.0      1.00E+10   0.0     -1.00E+10   0.0       0.0       0.0    
  ' 5'   0.0       0.0      1.00E+10   0.0     -1.00E+10   0.0       0.0       0.0    
  ' 6'   0.0       0.0      1.00E+10   0.0     -1.00E+10   0.0       0.0       0.0    
  ' 7'   0.0       0.0      1.00E+10   0.0     -1.00E+10   0.0       0.0       0.0    
  ' 8'   0.0       0.0      1.00E+10   0.0     -1.00E+10   0.0       0.0       0.0    
*cbshi   (0)       (1)       (2)       (3)       (4)       (5)       (6)       (7)
  ' 0'  1.00E-18 -1.00E+02   0.0       0.0       0.0       0.0       0.0      -1.5    
  ' 1'  1.00E-18 -1.00E+02   0.0     -0.10       0.0       0.0       0.0      -1.5    
  ' 2'  1.00E-18 -1.00E+02   0.0       0.0       0.0       0.0       0.0      -1.5    
  ' 3'  1.00E-18 -1.00E+02   0.0     -0.10       0.0       0.0       0.0      -1.5    
  ' 4'  1.00E-18 -1.00E+02   0.0     -0.10       0.0       0.0       0.0      -1.5    
  ' 5'  1.00E-18 -1.00E+02   0.0     -0.10       0.0       0.0       0.0      -1.5    
  ' 6'  1.00E-18 -1.00E+02   0.0     -0.10       0.0       0.0       0.0      -1.5    
  ' 7'  1.00E-18 -1.00E+02   0.0     -0.10       0.0       0.0       0.0      -1.5    
  ' 8'  1.00E-18 -1.00E+02   0.0     -0.10       0.0       0.0       0.0      -1.5    
*cbshe   (0)       (1)       (2)       (3)       (4)       (5)       (6)       (7)
  '-1'  1.00E-18 -1.00E+02   0.0     -0.10       0.0       0.0       0.0      -1.5    
*cbsch   (0)       (1)       (2)       (3)       (4)       (5)       (6)       (7)
  '-1'   0.0       0.0       0.0       0.0       0.0       0.0       1.0      0.50    
*cbrec   (0)       (1)       (2)       (3)       (4)       (5)       (6)       (7)
  ' 0'   0.0       0.0       0.0       0.0       0.0       0.0       0.0       0.0    
  ' 1'   1.0      0.30       0.0       0.0       0.0       0.0       0.0       0.0    
  ' 2'   0.0       0.0       0.0       0.0       0.0       0.0       0.0       0.0    
  ' 3'   0.0       0.0       0.0       0.0       0.0       0.0       0.0       0.0    
  ' 4'   0.0       0.0       0.0       0.0       0.0       0.0       0.0       0.0    
  ' 5'   0.0       0.0       0.0       0.0       0.0       0.0       0.0       0.0    
  ' 6'   0.0       0.0       0.0       0.0       0.0       0.0       0.0       0.0    
  ' 7'   0.0       0.0       0.0       0.0       0.0       0.0       0.0       0.0    
  ' 8'   0.0       0.0       0.0       0.0       0.0       0.0       0.0       0.0    
*cbmsa   (0)       (1)       (2)       (3)       (4)       (5)       (6)       (7)
  '-1'   0.0       0.0       0.0       0.0       0.0       0.0       0.0       0.0    
*cbmsb   (0)       (1)       (2)       (3)       (4)       (5)       (6)       (7)
  ' 0'   0.0       0.0       0.0       0.0       0.0       0.0       0.0       0.0    
  ' 1'   0.0       0.0       0.0       0.0       0.0       0.0       0.0       0.0    
  ' 2'   0.0       0.0       0.0       0.0       0.0       0.0       0.0       0.0    
  ' 3'   0.0       0.0       0.0       0.0       0.0       0.0       0.0       0.0    
  ' 4'   0.0       0.0       0.0       0.0       0.0       0.0       0.0       0.0    
  ' 5'   0.0       0.0       0.0       0.0       0.0       0.0       0.0       0.0    
  ' 6'   0.0       0.0       0.0       0.0       0.0       0.0       0.0       0.0    
  ' 7'   0.0       0.0       0.0       0.0       0.0       0.0       0.0       0.0    
  ' 8'   0.0       0.0       0.0       0.0       0.0       0.0       0.0       0.0    
*region
   5  'east'
*cbsna   (0)       (1)       (2)       (3)       (4)       (5)       (6)       (7)
  ' 0'   0.0       0.0       0.0       0.0       0.0       0.0       0.0      -1.0    
  ' 1'   0.0       0.0       0.0       0.0       0.0       0.0       0.0      -1.0    
  ' 2'   0.0       0.0       0.0       0.0       0.0       0.0       0.0      -1.0    
  ' 3'   0.0       0.0       0.0       0.0       0.0       0.0       0.0      -1.0    
  ' 4'   0.0       0.0       0.0       0.0       0.0       0.0       0.0      -1.0    
  ' 5'   0.0       0.0       0.0       0.0       0.0       0.0       0.0      -1.0    
  ' 6'   0.0       0.0       0.0       0.0       0.0       0.0       0.0      -1.0    
  ' 7'   0.0       0.0       0.0       0.0       0.0       0.0       0.0      -1.0    
  ' 8'   0.0       0.0       0.0       0.0       0.0       0.0       0.0      -1.0    
*cbsmo   (0)       (1)       (2)       (3)       (4)       (5)       (6)       (7)
  ' 0'   0.0       0.0       0.0       0.0     -1.00E+10   0.0       0.0       0.0    
  ' 1'   0.0       0.0      1.00E+10   0.0     -1.00E+10   0.0       0.0       0.0    
  ' 2'   0.0       0.0       0.0       0.0     -1.00E+10   0.0       0.0       0.0    
  ' 3'   0.0       0.0      1.00E+10   0.0     -1.00E+10   0.0       0.0       0.0    
  ' 4'   0.0       0.0      1.00E+10   0.0     -1.00E+10   0.0       0.0       0.0    
  ' 5'   0.0       0.0      1.00E+10   0.0     -1.00E+10   0.0       0.0       0.0    
  ' 6'   0.0       0.0      1.00E+10   0.0     -1.00E+10   0.0       0.0       0.0    
  ' 7'   0.0       0.0      1.00E+10   0.0     -1.00E+10   0.0       0.0       0.0    
  ' 8'   0.0       0.0      1.00E+10   0.0     -1.00E+10   0.0       0.0       0.0    
*cbshi   (0)       (1)       (2)       (3)       (4)       (5)       (6)       (7)
  ' 0'  1.00E-18 -1.00E+02   0.0       0.0       0.0       0.0       0.0      -1.5    
  ' 1'  1.00E-18 -1.00E+02   0.0     -0.10       0.0       0.0       0.0      -1.5    
  ' 2'  1.00E-18 -1.00E+02   0.0       0.0       0.0       0.0       0.0      -1.5    
  ' 3'  1.00E-18 -1.00E+02   0.0     -0.10       0.0       0.0       0.0      -1.5    
  ' 4'  1.00E-18 -1.00E+02   0.0     -0.10       0.0       0.0       0.0      -1.5    
  ' 5'  1.00E-18 -1.00E+02   0.0     -0.10       0.0       0.0       0.0      -1.5    
  ' 6'  1.00E-18 -1.00E+02   0.0     -0.10       0.0       0.0       0.0      -1.5    
  ' 7'  1.00E-18 -1.00E+02   0.0     -0.10       0.0       0.0       0.0      -1.5    
  ' 8'  1.00E-18 -1.00E+02   0.0     -0.10       0.0       0.0       0.0      -1.5    
*cbshe   (0)       (1)       (2)       (3)       (4)       (5)       (6)       (7)
  '-1'  1.00E-18 -1.00E+02   0.0     -0.10       0.0       0.0       0.0      -1.5    
*cbsch   (0)       (1)       (2)       (3)       (4)       (5)       (6)       (7)
  '-1'   0.0       0.0       0.0       0.0       0.0       0.0       1.0      0.50    
*cbrec   (0)       (1)       (2)       (3)       (4)       (5)       (6)       (7)
  ' 0'   0.0       0.0       0.0       0.0       0.0       0.0       0.0       0.0    
  ' 1'   1.0      0.30       0.0       0.0       0.0       0.0       0.0       0.0    
  ' 2'   0.0       0.0       0.0       0.0       0.0       0.0       0.0       0.0    
  ' 3'   0.0       0.0       0.0       0.0       0.0       0.0       0.0       0.0    
  ' 4'   0.0       0.0       0.0       0.0       0.0       0.0       0.0       0.0    
  ' 5'   0.0       0.0       0.0       0.0       0.0       0.0       0.0       0.0    
  ' 6'   0.0       0.0       0.0       0.0       0.0       0.0       0.0       0.0    
  ' 7'   0.0       0.0       0.0       0.0       0.0       0.0       0.0       0.0    
  ' 8'   0.0       0.0       0.0       0.0       0.0       0.0       0.0       0.0    
*cbmsa   (0)       (1)       (2)       (3)       (4)       (5)       (6)       (7)
  '-1'   0.0       0.0       0.0       0.0       0.0       0.0       0.0       0.0    
*cbmsb   (0)       (1)       (2)       (3)       (4)       (5)       (6)       (7)
  ' 0'   0.0       0.0       0.0       0.0       0.0       0.0       0.0       0.0    
  ' 1'   0.0       0.0       0.0       0.0       0.0       0.0       0.0       0.0    
  ' 2'   0.0       0.0       0.0       0.0       0.0       0.0       0.0       0.0    
  ' 3'   0.0       0.0       0.0       0.0       0.0       0.0       0.0       0.0    
  ' 4'   0.0       0.0       0.0       0.0       0.0       0.0       0.0       0.0    
  ' 5'   0.0       0.0       0.0       0.0       0.0       0.0       0.0       0.0    
  ' 6'   0.0       0.0       0.0       0.0       0.0       0.0       0.0       0.0    
  ' 7'   0.0       0.0       0.0       0.0       0.0       0.0       0.0       0.0    
  ' 8'   0.0       0.0       0.0       0.0       0.0       0.0       0.0       0.0    

  parameters for reference anomalous diffusivity:
  species  0, diffusivity coeffs ..    1.000E+02  0.000E+00  1.000E+00  5.000E-20  1.500E-18  0.000E+00  0.000E+00  0.000E+00

  parameters for reference anomalous diffusivity:
  species  1, diffusivity coeffs ..    5.000E-01  0.000E+00  0.000E+00  0.000E+00  0.000E+00  0.000E+00  0.000E+00  0.000E+00

  parameters for reference anomalous diffusivity:
  species  2, diffusivity coeffs ..    1.000E+02  0.000E+00  1.000E+00  2.000E-20  5.000E-20  0.000E+00  0.000E+00  0.000E+00

  parameters for reference anomalous diffusivity:
  species  3, diffusivity coeffs ..    5.000E-01  0.000E+00  0.000E+00  0.000E+00  0.000E+00  0.000E+00  0.000E+00  0.000E+00

  parameters for reference anomalous diffusivity:
  species  4, diffusivity coeffs ..    5.000E-01  0.000E+00  0.000E+00  0.000E+00  0.000E+00  0.000E+00  0.000E+00  0.000E+00

  parameters for reference anomalous diffusivity:
  species  5, diffusivity coeffs ..    5.000E-01  0.000E+00  0.000E+00  0.000E+00  0.000E+00  0.000E+00  0.000E+00  0.000E+00

  parameters for reference anomalous diffusivity:
  species  6, diffusivity coeffs ..    5.000E-01  0.000E+00  0.000E+00  0.000E+00  0.000E+00  0.000E+00  0.000E+00  0.000E+00

  parameters for reference anomalous diffusivity:
  species  7, diffusivity coeffs ..    5.000E-01  0.000E+00  0.000E+00  0.000E+00  0.000E+00  0.000E+00  0.000E+00  0.000E+00

  parameters for reference anomalous diffusivity:
  species  8, diffusivity coeffs ..    5.000E-01  0.000E+00  0.000E+00  0.000E+00  0.000E+00  0.000E+00  0.000E+00  0.000E+00

  parameters for anomalous particle transport:
  species  0, coeff. for grad(na) ..   0.000E+00  0.000E+00  0.000E+00  0.000E+00  0.000E+00  0.000E+00  0.000E+00  0.000E+00

  parameters for anomalous particle transport:
  species  1, coeff. for grad(na) ..   0.000E+00  0.000E+00  1.000E+00  0.000E+00  0.000E+00  0.000E+00  0.000E+00  0.000E+00

  parameters for anomalous particle transport:
  species  2, coeff. for grad(na) ..   0.000E+00  0.000E+00  0.000E+00  0.000E+00  0.000E+00  0.000E+00  0.000E+00  0.000E+00

  parameters for anomalous particle transport:
  species  3, coeff. for grad(na) ..   0.000E+00  0.000E+00  1.000E+00  0.000E+00  0.000E+00  0.000E+00  0.000E+00  0.000E+00

  parameters for anomalous particle transport:
  species  4, coeff. for grad(na) ..   0.000E+00  0.000E+00  1.000E+00  0.000E+00  0.000E+00  0.000E+00  0.000E+00  0.000E+00

  parameters for anomalous particle transport:
  species  5, coeff. for grad(na) ..   0.000E+00  0.000E+00  1.000E+00  0.000E+00  0.000E+00  0.000E+00  0.000E+00  0.000E+00

  parameters for anomalous particle transport:
  species  6, coeff. for grad(na) ..   0.000E+00  0.000E+00  1.000E+00  0.000E+00  0.000E+00  0.000E+00  0.000E+00  0.000E+00

  parameters for anomalous particle transport:
  species  7, coeff. for grad(na) ..   0.000E+00  0.000E+00  1.000E+00  0.000E+00  0.000E+00  0.000E+00  0.000E+00  0.000E+00

  parameters for anomalous particle transport:
  species  8, coeff. for grad(na) ..   0.000E+00  0.000E+00  1.000E+00  0.000E+00  0.000E+00  0.000E+00  0.000E+00  0.000E+00

  parameters for anomalous particle transport:
  species  0, coeff. for grad(pa) ..   0.000E+00  0.000E+00  1.000E+00  0.000E+00  0.000E+00  0.000E+00  0.000E+00  0.000E+00

  parameters for anomalous particle transport:
  species  1, coeff. for grad(pa) ..   0.000E+00  0.000E+00  0.000E+00  0.000E+00  0.000E+00  0.000E+00  0.000E+00  0.000E+00

  parameters for anomalous particle transport:
  species  2, coeff. for grad(pa) ..   0.000E+00  0.000E+00  1.000E+00  0.000E+00  0.000E+00  0.000E+00  0.000E+00  0.000E+00

  parameters for anomalous particle transport:
  species  3, coeff. for grad(pa) ..   0.000E+00  0.000E+00  0.000E+00  0.000E+00  0.000E+00  0.000E+00  0.000E+00  0.000E+00

  parameters for anomalous particle transport:
  species  4, coeff. for grad(pa) ..   0.000E+00  0.000E+00  0.000E+00  0.000E+00  0.000E+00  0.000E+00  0.000E+00  0.000E+00

  parameters for anomalous particle transport:
  species  5, coeff. for grad(pa) ..   0.000E+00  0.000E+00  0.000E+00  0.000E+00  0.000E+00  0.000E+00  0.000E+00  0.000E+00

  parameters for anomalous particle transport:
  species  6, coeff. for grad(pa) ..   0.000E+00  0.000E+00  0.000E+00  0.000E+00  0.000E+00  0.000E+00  0.000E+00  0.000E+00

  parameters for anomalous particle transport:
  species  7, coeff. for grad(pa) ..   0.000E+00  0.000E+00  0.000E+00  0.000E+00  0.000E+00  0.000E+00  0.000E+00  0.000E+00

  parameters for anomalous particle transport:
  species  8, coeff. for grad(pa) ..   0.000E+00  0.000E+00  0.000E+00  0.000E+00  0.000E+00  0.000E+00  0.000E+00  0.000E+00

  parameters for anomalous particle transport:
  species  0, coeff. for vconv ..      0.000E+00  0.000E+00  0.000E+00  0.000E+00  0.000E+00  0.000E+00  0.000E+00  0.000E+00

  parameters for anomalous particle transport:
  species  1, coeff. for vconv ..      0.000E+00  0.000E+00  0.000E+00  0.000E+00  0.000E+00  0.000E+00  0.000E+00  0.000E+00

  parameters for anomalous particle transport:
  species  2, coeff. for vconv ..      0.000E+00  0.000E+00  0.000E+00  0.000E+00  0.000E+00  0.000E+00  0.000E+00  0.000E+00

  parameters for anomalous particle transport:
  species  3, coeff. for vconv ..      0.000E+00  0.000E+00  0.000E+00  0.000E+00  0.000E+00  0.000E+00  0.000E+00  0.000E+00

  parameters for anomalous particle transport:
  species  4, coeff. for vconv ..      0.000E+00  0.000E+00  0.000E+00  0.000E+00  0.000E+00  0.000E+00  0.000E+00  0.000E+00

  parameters for anomalous particle transport:
  species  5, coeff. for vconv ..      0.000E+00  0.000E+00  0.000E+00  0.000E+00  0.000E+00  0.000E+00  0.000E+00  0.000E+00

  parameters for anomalous particle transport:
  species  6, coeff. for vconv ..      0.000E+00  0.000E+00  0.000E+00  0.000E+00  0.000E+00  0.000E+00  0.000E+00  0.000E+00

  parameters for anomalous particle transport:
  species  7, coeff. for vconv ..      0.000E+00  0.000E+00  0.000E+00  0.000E+00  0.000E+00  0.000E+00  0.000E+00  0.000E+00

  parameters for anomalous particle transport:
  species  8, coeff. for vconv ..      0.000E+00  0.000E+00  0.000E+00  0.000E+00  0.000E+00  0.000E+00  0.000E+00  0.000E+00

  parameters for anomalous parallel momentum transport:
  species  0, viscosity coefs ..       0.000E+00  0.000E+00  1.000E+00  0.000E+00  0.000E+00  0.000E+00  0.000E+00  0.000E+00

  parameters for anomalous parallel momentum transport:
  species  1, viscosity coefs ..       0.000E+00  0.000E+00  1.000E+00  0.000E+00  0.000E+00  0.000E+00  0.000E+00  0.000E+00

  parameters for anomalous parallel momentum transport:
  species  2, viscosity coefs ..       0.000E+00  0.000E+00  1.000E+00  0.000E+00  0.000E+00  0.000E+00  0.000E+00  0.000E+00

  parameters for anomalous parallel momentum transport:
  species  3, viscosity coefs ..       0.000E+00  0.000E+00  1.000E+00  0.000E+00  0.000E+00  0.000E+00  0.000E+00  0.000E+00

  parameters for anomalous parallel momentum transport:
  species  4, viscosity coefs ..       0.000E+00  0.000E+00  1.000E+00  0.000E+00  0.000E+00  0.000E+00  0.000E+00  0.000E+00

  parameters for anomalous parallel momentum transport:
  species  5, viscosity coefs ..       0.000E+00  0.000E+00  1.000E+00  0.000E+00  0.000E+00  0.000E+00  0.000E+00  0.000E+00

  parameters for anomalous parallel momentum transport:
  species  6, viscosity coefs ..       0.000E+00  0.000E+00  1.000E+00  0.000E+00  0.000E+00  0.000E+00  0.000E+00  0.000E+00

  parameters for anomalous parallel momentum transport:
  species  7, viscosity coefs ..       0.000E+00  0.000E+00  1.000E+00  0.000E+00  0.000E+00  0.000E+00  0.000E+00  0.000E+00

  parameters for anomalous parallel momentum transport:
  species  8, viscosity coefs ..       0.000E+00  0.000E+00  1.000E+00  0.000E+00  0.000E+00  0.000E+00  0.000E+00  0.000E+00

  parameters for anomalous atom heat transport:
  species  0, atom thermal diff ..     0.000E+00  0.000E+00  1.400E+00  0.000E+00  0.000E+00  0.000E+00  0.000E+00  0.000E+00

  parameters for anomalous atom heat transport:
  species  1, atom thermal diff ..     0.000E+00  0.000E+00  1.400E+00  0.000E+00  0.000E+00  0.000E+00  0.000E+00  0.000E+00

  parameters for anomalous atom heat transport:
  species  2, atom thermal diff ..     0.000E+00  0.000E+00  1.400E+00  0.000E+00  0.000E+00  0.000E+00  0.000E+00  0.000E+00

  parameters for anomalous atom heat transport:
  species  3, atom thermal diff ..     0.000E+00  0.000E+00  1.400E+00  0.000E+00  0.000E+00  0.000E+00  0.000E+00  0.000E+00

  parameters for anomalous atom heat transport:
  species  4, atom thermal diff ..     0.000E+00  0.000E+00  1.400E+00  0.000E+00  0.000E+00  0.000E+00  0.000E+00  0.000E+00

  parameters for anomalous atom heat transport:
  species  5, atom thermal diff ..     0.000E+00  0.000E+00  1.400E+00  0.000E+00  0.000E+00  0.000E+00  0.000E+00  0.000E+00

  parameters for anomalous atom heat transport:
  species  6, atom thermal diff ..     0.000E+00  0.000E+00  1.400E+00  0.000E+00  0.000E+00  0.000E+00  0.000E+00  0.000E+00

  parameters for anomalous atom heat transport:
  species  7, atom thermal diff ..     0.000E+00  0.000E+00  1.400E+00  0.000E+00  0.000E+00  0.000E+00  0.000E+00  0.000E+00

  parameters for anomalous atom heat transport:
  species  8, atom thermal diff ..     0.000E+00  0.000E+00  1.400E+00  0.000E+00  0.000E+00  0.000E+00  0.000E+00  0.000E+00

  parameters for anomalous electron heat transport and electric current:
  electron thermal diffusivity ..      7.000E-01  0.000E+00  0.000E+00  0.000E+00  0.000E+00  0.000E+00  0.000E+00  0.000E+00
  electrical conductivity ..           1.000E-03  0.000E+00  0.000E+00  0.000E+00  0.000E+00  0.000E+00  0.000E+00  0.000E+00
  thermo-electric coefficient ..       1.000E-03  0.000E+00  0.000E+00  0.000E+00  0.000E+00  0.000E+00  0.000E+00  0.000E+00

  parameters for flux limiters:
  electron, atom, viscous ..           1.500E-01  1.500E-01  5.000E-01  0.000E+00  0.000E+00  0.000E+00  0.000E+00  0.000E+00

